CRITICAL - 2022-03-27 00:15:04 --> Undefined property: App\Controllers\Product::$require
#0 C:\Users\ADMIN\3-2\Mobile application development\ci_product_api\app\Controllers\Product.php(34): CodeIgniter\Debug\Exceptions->errorHandler(2, 'Undefined prope...', 'C:\\Users\\ADMIN\\...', 34)
#1 C:\Users\ADMIN\3-2\Mobile application development\ci_product_api\system\CodeIgniter.php(825): App\Controllers\Product->create()
#2 C:\Users\ADMIN\3-2\Mobile application development\ci_product_api\system\CodeIgniter.php(412): CodeIgniter\CodeIgniter->runController(Object(App\Controllers\Product))
#3 C:\Users\ADMIN\3-2\Mobile application development\ci_product_api\system\CodeIgniter.php(320): CodeIgniter\CodeIgniter->handleRequest(NULL, Object(Config\Cache), false)
#4 C:\Users\ADMIN\3-2\Mobile application development\ci_product_api\public\index.php(37): CodeIgniter\CodeIgniter->run()
#5 C:\Users\ADMIN\3-2\Mobile application development\ci_product_api\system\Commands\Server\rewrite.php(43): require_once('C:\\Users\\ADMIN\\...')
#6 {main}
CRITICAL - 2022-03-27 00:16:55 --> Undefined property: App\Controllers\Product::$require
#0 C:\Users\ADMIN\3-2\Mobile application development\ci_product_api\app\Controllers\Product.php(34): CodeIgniter\Debug\Exceptions->errorHandler(2, 'Undefined prope...', 'C:\\Users\\ADMIN\\...', 34)
#1 C:\Users\ADMIN\3-2\Mobile application development\ci_product_api\system\CodeIgniter.php(825): App\Controllers\Product->create()
#2 C:\Users\ADMIN\3-2\Mobile application development\ci_product_api\system\CodeIgniter.php(412): CodeIgniter\CodeIgniter->runController(Object(App\Controllers\Product))
#3 C:\Users\ADMIN\3-2\Mobile application development\ci_product_api\system\CodeIgniter.php(320): CodeIgniter\CodeIgniter->handleRequest(NULL, Object(Config\Cache), false)
#4 C:\Users\ADMIN\3-2\Mobile application development\ci_product_api\public\index.php(37): CodeIgniter\CodeIgniter->run()
#5 C:\Users\ADMIN\3-2\Mobile application development\ci_product_api\system\Commands\Server\rewrite.php(43): require_once('C:\\Users\\ADMIN\\...')
#6 {main}
CRITICAL - 2022-03-27 00:19:26 --> Undefined property: App\Controllers\Product::$require
#0 C:\Users\ADMIN\3-2\Mobile application development\ci_product_api\app\Controllers\Product.php(34): CodeIgniter\Debug\Exceptions->errorHandler(2, 'Undefined prope...', 'C:\\Users\\ADMIN\\...', 34)
#1 C:\Users\ADMIN\3-2\Mobile application development\ci_product_api\system\CodeIgniter.php(825): App\Controllers\Product->create()
#2 C:\Users\ADMIN\3-2\Mobile application development\ci_product_api\system\CodeIgniter.php(412): CodeIgniter\CodeIgniter->runController(Object(App\Controllers\Product))
#3 C:\Users\ADMIN\3-2\Mobile application development\ci_product_api\system\CodeIgniter.php(320): CodeIgniter\CodeIgniter->handleRequest(NULL, Object(Config\Cache), false)
#4 C:\Users\ADMIN\3-2\Mobile application development\ci_product_api\public\index.php(37): CodeIgniter\CodeIgniter->run()
#5 C:\Users\ADMIN\3-2\Mobile application development\ci_product_api\system\Commands\Server\rewrite.php(43): require_once('C:\\Users\\ADMIN\\...')
#6 {main}
CRITICAL - 2022-03-27 00:19:27 --> Undefined property: App\Controllers\Product::$require
#0 C:\Users\ADMIN\3-2\Mobile application development\ci_product_api\app\Controllers\Product.php(34): CodeIgniter\Debug\Exceptions->errorHandler(2, 'Undefined prope...', 'C:\\Users\\ADMIN\\...', 34)
#1 C:\Users\ADMIN\3-2\Mobile application development\ci_product_api\system\CodeIgniter.php(825): App\Controllers\Product->create()
#2 C:\Users\ADMIN\3-2\Mobile application development\ci_product_api\system\CodeIgniter.php(412): CodeIgniter\CodeIgniter->runController(Object(App\Controllers\Product))
#3 C:\Users\ADMIN\3-2\Mobile application development\ci_product_api\system\CodeIgniter.php(320): CodeIgniter\CodeIgniter->handleRequest(NULL, Object(Config\Cache), false)
#4 C:\Users\ADMIN\3-2\Mobile application development\ci_product_api\public\index.php(37): CodeIgniter\CodeIgniter->run()
#5 C:\Users\ADMIN\3-2\Mobile application development\ci_product_api\system\Commands\Server\rewrite.php(43): require_once('C:\\Users\\ADMIN\\...')
#6 {main}
CRITICAL - 2022-03-27 00:24:18 --> Undefined property: App\Controllers\Product::$require
#0 C:\Users\ADMIN\3-2\Mobile application development\ci_product_api\app\Controllers\Product.php(34): CodeIgniter\Debug\Exceptions->errorHandler(2, 'Undefined prope...', 'C:\\Users\\ADMIN\\...', 34)
#1 C:\Users\ADMIN\3-2\Mobile application development\ci_product_api\system\CodeIgniter.php(825): App\Controllers\Product->create()
#2 C:\Users\ADMIN\3-2\Mobile application development\ci_product_api\system\CodeIgniter.php(412): CodeIgniter\CodeIgniter->runController(Object(App\Controllers\Product))
#3 C:\Users\ADMIN\3-2\Mobile application development\ci_product_api\system\CodeIgniter.php(320): CodeIgniter\CodeIgniter->handleRequest(NULL, Object(Config\Cache), false)
#4 C:\Users\ADMIN\3-2\Mobile application development\ci_product_api\public\index.php(37): CodeIgniter\CodeIgniter->run()
#5 C:\Users\ADMIN\3-2\Mobile application development\ci_product_api\system\Commands\Server\rewrite.php(43): require_once('C:\\Users\\ADMIN\\...')
#6 {main}
CRITICAL - 2022-03-27 00:32:28 --> Undefined property: App\Controllers\Product::$require
#0 C:\Users\ADMIN\3-2\Mobile application development\ci_product_api\app\Controllers\Product.php(34): CodeIgniter\Debug\Exceptions->errorHandler(2, 'Undefined prope...', 'C:\\Users\\ADMIN\\...', 34)
#1 C:\Users\ADMIN\3-2\Mobile application development\ci_product_api\system\CodeIgniter.php(825): App\Controllers\Product->create()
#2 C:\Users\ADMIN\3-2\Mobile application development\ci_product_api\system\CodeIgniter.php(412): CodeIgniter\CodeIgniter->runController(Object(App\Controllers\Product))
#3 C:\Users\ADMIN\3-2\Mobile application development\ci_product_api\system\CodeIgniter.php(320): CodeIgniter\CodeIgniter->handleRequest(NULL, Object(Config\Cache), false)
#4 C:\Users\ADMIN\3-2\Mobile application development\ci_product_api\public\index.php(37): CodeIgniter\CodeIgniter->run()
#5 C:\Users\ADMIN\3-2\Mobile application development\ci_product_api\system\Commands\Server\rewrite.php(43): require_once('C:\\Users\\ADMIN\\...')
#6 {main}
CRITICAL - 2022-03-27 00:32:29 --> Undefined property: App\Controllers\Product::$require
#0 C:\Users\ADMIN\3-2\Mobile application development\ci_product_api\app\Controllers\Product.php(34): CodeIgniter\Debug\Exceptions->errorHandler(2, 'Undefined prope...', 'C:\\Users\\ADMIN\\...', 34)
#1 C:\Users\ADMIN\3-2\Mobile application development\ci_product_api\system\CodeIgniter.php(825): App\Controllers\Product->create()
#2 C:\Users\ADMIN\3-2\Mobile application development\ci_product_api\system\CodeIgniter.php(412): CodeIgniter\CodeIgniter->runController(Object(App\Controllers\Product))
#3 C:\Users\ADMIN\3-2\Mobile application development\ci_product_api\system\CodeIgniter.php(320): CodeIgniter\CodeIgniter->handleRequest(NULL, Object(Config\Cache), false)
#4 C:\Users\ADMIN\3-2\Mobile application development\ci_product_api\public\index.php(37): CodeIgniter\CodeIgniter->run()
#5 C:\Users\ADMIN\3-2\Mobile application development\ci_product_api\system\Commands\Server\rewrite.php(43): require_once('C:\\Users\\ADMIN\\...')
#6 {main}
CRITICAL - 2022-03-27 00:32:29 --> Undefined property: App\Controllers\Product::$require
#0 C:\Users\ADMIN\3-2\Mobile application development\ci_product_api\app\Controllers\Product.php(34): CodeIgniter\Debug\Exceptions->errorHandler(2, 'Undefined prope...', 'C:\\Users\\ADMIN\\...', 34)
#1 C:\Users\ADMIN\3-2\Mobile application development\ci_product_api\system\CodeIgniter.php(825): App\Controllers\Product->create()
#2 C:\Users\ADMIN\3-2\Mobile application development\ci_product_api\system\CodeIgniter.php(412): CodeIgniter\CodeIgniter->runController(Object(App\Controllers\Product))
#3 C:\Users\ADMIN\3-2\Mobile application development\ci_product_api\system\CodeIgniter.php(320): CodeIgniter\CodeIgniter->handleRequest(NULL, Object(Config\Cache), false)
#4 C:\Users\ADMIN\3-2\Mobile application development\ci_product_api\public\index.php(37): CodeIgniter\CodeIgniter->run()
#5 C:\Users\ADMIN\3-2\Mobile application development\ci_product_api\system\Commands\Server\rewrite.php(43): require_once('C:\\Users\\ADMIN\\...')
#6 {main}
CRITICAL - 2022-03-27 00:32:35 --> Undefined property: App\Controllers\Product::$require
#0 C:\Users\ADMIN\3-2\Mobile application development\ci_product_api\app\Controllers\Product.php(34): CodeIgniter\Debug\Exceptions->errorHandler(2, 'Undefined prope...', 'C:\\Users\\ADMIN\\...', 34)
#1 C:\Users\ADMIN\3-2\Mobile application development\ci_product_api\system\CodeIgniter.php(825): App\Controllers\Product->create()
#2 C:\Users\ADMIN\3-2\Mobile application development\ci_product_api\system\CodeIgniter.php(412): CodeIgniter\CodeIgniter->runController(Object(App\Controllers\Product))
#3 C:\Users\ADMIN\3-2\Mobile application development\ci_product_api\system\CodeIgniter.php(320): CodeIgniter\CodeIgniter->handleRequest(NULL, Object(Config\Cache), false)
#4 C:\Users\ADMIN\3-2\Mobile application development\ci_product_api\public\index.php(37): CodeIgniter\CodeIgniter->run()
#5 C:\Users\ADMIN\3-2\Mobile application development\ci_product_api\system\Commands\Server\rewrite.php(43): require_once('C:\\Users\\ADMIN\\...')
#6 {main}
