CRITICAL - 2022-01-11 21:17:29 --> Undefined array key "products"
#0 C:\Users\ADMIN\3-2\Mobile application development\ci_product_api\app\Controllers\Product.php(17): CodeIgniter\Debug\Exceptions->errorHandler(2, 'Undefined array...', 'C:\\Users\\ADMIN\\...', 17)
#1 C:\Users\ADMIN\3-2\Mobile application development\ci_product_api\system\CodeIgniter.php(825): App\Controllers\Product->index()
#2 C:\Users\ADMIN\3-2\Mobile application development\ci_product_api\system\CodeIgniter.php(412): CodeIgniter\CodeIgniter->runController(Object(App\Controllers\Product))
#3 C:\Users\ADMIN\3-2\Mobile application development\ci_product_api\system\CodeIgniter.php(320): CodeIgniter\CodeIgniter->handleRequest(NULL, Object(Config\Cache), false)
#4 C:\Users\ADMIN\3-2\Mobile application development\ci_product_api\public\index.php(37): CodeIgniter\CodeIgniter->run()
#5 C:\Users\ADMIN\3-2\Mobile application development\ci_product_api\system\Commands\Server\rewrite.php(43): require_once('C:\\Users\\ADMIN\\...')
#6 {main}
CRITICAL - 2022-01-11 21:30:13 --> syntax error, unexpected token "}", expecting ";"
#0 C:\Users\ADMIN\3-2\Mobile application development\ci_product_api\system\Router\Router.php(175): CodeIgniter\Router\Router->autoRoute('/')
#1 C:\Users\ADMIN\3-2\Mobile application development\ci_product_api\system\CodeIgniter.php(719): CodeIgniter\Router\Router->handle('/')
#2 C:\Users\ADMIN\3-2\Mobile application development\ci_product_api\system\CodeIgniter.php(361): CodeIgniter\CodeIgniter->tryToRouteIt(Object(CodeIgniter\Router\RouteCollection))
#3 C:\Users\ADMIN\3-2\Mobile application development\ci_product_api\system\CodeIgniter.php(320): CodeIgniter\CodeIgniter->handleRequest(NULL, Object(Config\Cache), false)
#4 C:\Users\ADMIN\3-2\Mobile application development\ci_product_api\public\index.php(37): CodeIgniter\CodeIgniter->run()
#5 C:\Users\ADMIN\3-2\Mobile application development\ci_product_api\system\Commands\Server\rewrite.php(43): require_once('C:\\Users\\ADMIN\\...')
#6 {main}
CRITICAL - 2022-01-11 21:30:54 --> Undefined variable $id
#0 C:\Users\ADMIN\3-2\Mobile application development\ci_product_api\app\Controllers\Product.php(22): CodeIgniter\Debug\Exceptions->errorHandler(2, 'Undefined varia...', 'C:\\Users\\ADMIN\\...', 22)
#1 C:\Users\ADMIN\3-2\Mobile application development\ci_product_api\system\CodeIgniter.php(825): App\Controllers\Product->getProductById()
#2 C:\Users\ADMIN\3-2\Mobile application development\ci_product_api\system\CodeIgniter.php(412): CodeIgniter\CodeIgniter->runController(Object(App\Controllers\Product))
#3 C:\Users\ADMIN\3-2\Mobile application development\ci_product_api\system\CodeIgniter.php(320): CodeIgniter\CodeIgniter->handleRequest(NULL, Object(Config\Cache), false)
#4 C:\Users\ADMIN\3-2\Mobile application development\ci_product_api\public\index.php(37): CodeIgniter\CodeIgniter->run()
#5 C:\Users\ADMIN\3-2\Mobile application development\ci_product_api\system\Commands\Server\rewrite.php(43): require_once('C:\\Users\\ADMIN\\...')
#6 {main}
CRITICAL - 2022-01-11 21:31:23 --> Undefined variable $id
#0 C:\Users\ADMIN\3-2\Mobile application development\ci_product_api\app\Controllers\Product.php(22): CodeIgniter\Debug\Exceptions->errorHandler(2, 'Undefined varia...', 'C:\\Users\\ADMIN\\...', 22)
#1 C:\Users\ADMIN\3-2\Mobile application development\ci_product_api\system\CodeIgniter.php(825): App\Controllers\Product->getProductById()
#2 C:\Users\ADMIN\3-2\Mobile application development\ci_product_api\system\CodeIgniter.php(412): CodeIgniter\CodeIgniter->runController(Object(App\Controllers\Product))
#3 C:\Users\ADMIN\3-2\Mobile application development\ci_product_api\system\CodeIgniter.php(320): CodeIgniter\CodeIgniter->handleRequest(NULL, Object(Config\Cache), false)
#4 C:\Users\ADMIN\3-2\Mobile application development\ci_product_api\public\index.php(37): CodeIgniter\CodeIgniter->run()
#5 C:\Users\ADMIN\3-2\Mobile application development\ci_product_api\system\Commands\Server\rewrite.php(43): require_once('C:\\Users\\ADMIN\\...')
#6 {main}
CRITICAL - 2022-01-11 21:32:26 --> Undefined variable $id
#0 C:\Users\ADMIN\3-2\Mobile application development\ci_product_api\app\Controllers\Product.php(22): CodeIgniter\Debug\Exceptions->errorHandler(2, 'Undefined varia...', 'C:\\Users\\ADMIN\\...', 22)
#1 C:\Users\ADMIN\3-2\Mobile application development\ci_product_api\system\CodeIgniter.php(825): App\Controllers\Product->getProductById()
#2 C:\Users\ADMIN\3-2\Mobile application development\ci_product_api\system\CodeIgniter.php(412): CodeIgniter\CodeIgniter->runController(Object(App\Controllers\Product))
#3 C:\Users\ADMIN\3-2\Mobile application development\ci_product_api\system\CodeIgniter.php(320): CodeIgniter\CodeIgniter->handleRequest(NULL, Object(Config\Cache), false)
#4 C:\Users\ADMIN\3-2\Mobile application development\ci_product_api\public\index.php(37): CodeIgniter\CodeIgniter->run()
#5 C:\Users\ADMIN\3-2\Mobile application development\ci_product_api\system\Commands\Server\rewrite.php(43): require_once('C:\\Users\\ADMIN\\...')
#6 {main}
CRITICAL - 2022-01-11 21:32:37 --> Undefined variable $id
#0 C:\Users\ADMIN\3-2\Mobile application development\ci_product_api\app\Controllers\Product.php(22): CodeIgniter\Debug\Exceptions->errorHandler(2, 'Undefined varia...', 'C:\\Users\\ADMIN\\...', 22)
#1 C:\Users\ADMIN\3-2\Mobile application development\ci_product_api\system\CodeIgniter.php(825): App\Controllers\Product->getProductById()
#2 C:\Users\ADMIN\3-2\Mobile application development\ci_product_api\system\CodeIgniter.php(412): CodeIgniter\CodeIgniter->runController(Object(App\Controllers\Product))
#3 C:\Users\ADMIN\3-2\Mobile application development\ci_product_api\system\CodeIgniter.php(320): CodeIgniter\CodeIgniter->handleRequest(NULL, Object(Config\Cache), false)
#4 C:\Users\ADMIN\3-2\Mobile application development\ci_product_api\public\index.php(37): CodeIgniter\CodeIgniter->run()
#5 C:\Users\ADMIN\3-2\Mobile application development\ci_product_api\system\Commands\Server\rewrite.php(43): require_once('C:\\Users\\ADMIN\\...')
#6 {main}
CRITICAL - 2022-01-11 21:47:55 --> syntax error, unexpected token "}"
#0 C:\Users\ADMIN\3-2\Mobile application development\ci_product_api\system\Autoloader\Autoloader.php(241): CodeIgniter\Autoloader\Autoloader->includeFile('C:\\Users\\ADMIN\\...')
#1 C:\Users\ADMIN\3-2\Mobile application development\ci_product_api\system\Autoloader\Autoloader.php(219): CodeIgniter\Autoloader\Autoloader->loadInNamespace('App\\Controllers...')
#2 [internal function]: CodeIgniter\Autoloader\Autoloader->loadClass('App\\Controllers...')
#3 C:\Users\ADMIN\3-2\Mobile application development\ci_product_api\system\CodeIgniter.php(790): class_exists('\\App\\Controller...', true)
#4 C:\Users\ADMIN\3-2\Mobile application development\ci_product_api\system\CodeIgniter.php(399): CodeIgniter\CodeIgniter->startController()
#5 C:\Users\ADMIN\3-2\Mobile application development\ci_product_api\system\CodeIgniter.php(320): CodeIgniter\CodeIgniter->handleRequest(NULL, Object(Config\Cache), false)
#6 C:\Users\ADMIN\3-2\Mobile application development\ci_product_api\public\index.php(37): CodeIgniter\CodeIgniter->run()
#7 C:\Users\ADMIN\3-2\Mobile application development\ci_product_api\system\Commands\Server\rewrite.php(43): require_once('C:\\Users\\ADMIN\\...')
#8 {main}
CRITICAL - 2022-01-11 21:48:05 --> syntax error, unexpected token "}"
#0 C:\Users\ADMIN\3-2\Mobile application development\ci_product_api\system\Autoloader\Autoloader.php(241): CodeIgniter\Autoloader\Autoloader->includeFile('C:\\Users\\ADMIN\\...')
#1 C:\Users\ADMIN\3-2\Mobile application development\ci_product_api\system\Autoloader\Autoloader.php(219): CodeIgniter\Autoloader\Autoloader->loadInNamespace('App\\Controllers...')
#2 [internal function]: CodeIgniter\Autoloader\Autoloader->loadClass('App\\Controllers...')
#3 C:\Users\ADMIN\3-2\Mobile application development\ci_product_api\system\CodeIgniter.php(790): class_exists('\\App\\Controller...', true)
#4 C:\Users\ADMIN\3-2\Mobile application development\ci_product_api\system\CodeIgniter.php(399): CodeIgniter\CodeIgniter->startController()
#5 C:\Users\ADMIN\3-2\Mobile application development\ci_product_api\system\CodeIgniter.php(320): CodeIgniter\CodeIgniter->handleRequest(NULL, Object(Config\Cache), false)
#6 C:\Users\ADMIN\3-2\Mobile application development\ci_product_api\public\index.php(37): CodeIgniter\CodeIgniter->run()
#7 C:\Users\ADMIN\3-2\Mobile application development\ci_product_api\system\Commands\Server\rewrite.php(43): require_once('C:\\Users\\ADMIN\\...')
#8 {main}
CRITICAL - 2022-01-11 21:48:09 --> syntax error, unexpected token "}"
#0 C:\Users\ADMIN\3-2\Mobile application development\ci_product_api\system\Autoloader\Autoloader.php(241): CodeIgniter\Autoloader\Autoloader->includeFile('C:\\Users\\ADMIN\\...')
#1 C:\Users\ADMIN\3-2\Mobile application development\ci_product_api\system\Autoloader\Autoloader.php(219): CodeIgniter\Autoloader\Autoloader->loadInNamespace('App\\Controllers...')
#2 [internal function]: CodeIgniter\Autoloader\Autoloader->loadClass('App\\Controllers...')
#3 C:\Users\ADMIN\3-2\Mobile application development\ci_product_api\system\CodeIgniter.php(790): class_exists('\\App\\Controller...', true)
#4 C:\Users\ADMIN\3-2\Mobile application development\ci_product_api\system\CodeIgniter.php(399): CodeIgniter\CodeIgniter->startController()
#5 C:\Users\ADMIN\3-2\Mobile application development\ci_product_api\system\CodeIgniter.php(320): CodeIgniter\CodeIgniter->handleRequest(NULL, Object(Config\Cache), false)
#6 C:\Users\ADMIN\3-2\Mobile application development\ci_product_api\public\index.php(37): CodeIgniter\CodeIgniter->run()
#7 C:\Users\ADMIN\3-2\Mobile application development\ci_product_api\system\Commands\Server\rewrite.php(43): require_once('C:\\Users\\ADMIN\\...')
#8 {main}
CRITICAL - 2022-01-11 21:51:40 --> Undefined property: App\Controllers\Product::$require
#0 C:\Users\ADMIN\3-2\Mobile application development\ci_product_api\app\Controllers\Product.php(35): CodeIgniter\Debug\Exceptions->errorHandler(2, 'Undefined prope...', 'C:\\Users\\ADMIN\\...', 35)
#1 C:\Users\ADMIN\3-2\Mobile application development\ci_product_api\system\CodeIgniter.php(825): App\Controllers\Product->create()
#2 C:\Users\ADMIN\3-2\Mobile application development\ci_product_api\system\CodeIgniter.php(412): CodeIgniter\CodeIgniter->runController(Object(App\Controllers\Product))
#3 C:\Users\ADMIN\3-2\Mobile application development\ci_product_api\system\CodeIgniter.php(320): CodeIgniter\CodeIgniter->handleRequest(NULL, Object(Config\Cache), false)
#4 C:\Users\ADMIN\3-2\Mobile application development\ci_product_api\public\index.php(37): CodeIgniter\CodeIgniter->run()
#5 C:\Users\ADMIN\3-2\Mobile application development\ci_product_api\system\Commands\Server\rewrite.php(43): require_once('C:\\Users\\ADMIN\\...')
#6 {main}
CRITICAL - 2022-01-11 21:52:59 --> Undefined property: App\Controllers\Product::$require
#0 C:\Users\ADMIN\3-2\Mobile application development\ci_product_api\app\Controllers\Product.php(35): CodeIgniter\Debug\Exceptions->errorHandler(2, 'Undefined prope...', 'C:\\Users\\ADMIN\\...', 35)
#1 C:\Users\ADMIN\3-2\Mobile application development\ci_product_api\system\CodeIgniter.php(825): App\Controllers\Product->create()
#2 C:\Users\ADMIN\3-2\Mobile application development\ci_product_api\system\CodeIgniter.php(412): CodeIgniter\CodeIgniter->runController(Object(App\Controllers\Product))
#3 C:\Users\ADMIN\3-2\Mobile application development\ci_product_api\system\CodeIgniter.php(320): CodeIgniter\CodeIgniter->handleRequest(NULL, Object(Config\Cache), false)
#4 C:\Users\ADMIN\3-2\Mobile application development\ci_product_api\public\index.php(37): CodeIgniter\CodeIgniter->run()
#5 C:\Users\ADMIN\3-2\Mobile application development\ci_product_api\system\Commands\Server\rewrite.php(43): require_once('C:\\Users\\ADMIN\\...')
#6 {main}
CRITICAL - 2022-01-11 21:54:39 --> Undefined property: App\Controllers\Product::$require
#0 C:\Users\ADMIN\3-2\Mobile application development\ci_product_api\app\Controllers\Product.php(35): CodeIgniter\Debug\Exceptions->errorHandler(2, 'Undefined prope...', 'C:\\Users\\ADMIN\\...', 35)
#1 C:\Users\ADMIN\3-2\Mobile application development\ci_product_api\system\CodeIgniter.php(825): App\Controllers\Product->create()
#2 C:\Users\ADMIN\3-2\Mobile application development\ci_product_api\system\CodeIgniter.php(412): CodeIgniter\CodeIgniter->runController(Object(App\Controllers\Product))
#3 C:\Users\ADMIN\3-2\Mobile application development\ci_product_api\system\CodeIgniter.php(320): CodeIgniter\CodeIgniter->handleRequest(NULL, Object(Config\Cache), false)
#4 C:\Users\ADMIN\3-2\Mobile application development\ci_product_api\public\index.php(37): CodeIgniter\CodeIgniter->run()
#5 C:\Users\ADMIN\3-2\Mobile application development\ci_product_api\system\Commands\Server\rewrite.php(43): require_once('C:\\Users\\ADMIN\\...')
#6 {main}
CRITICAL - 2022-01-11 21:59:14 --> Undefined property: App\Controllers\Product::$require
#0 C:\Users\ADMIN\3-2\Mobile application development\ci_product_api\app\Controllers\Product.php(35): CodeIgniter\Debug\Exceptions->errorHandler(2, 'Undefined prope...', 'C:\\Users\\ADMIN\\...', 35)
#1 C:\Users\ADMIN\3-2\Mobile application development\ci_product_api\system\CodeIgniter.php(825): App\Controllers\Product->create()
#2 C:\Users\ADMIN\3-2\Mobile application development\ci_product_api\system\CodeIgniter.php(412): CodeIgniter\CodeIgniter->runController(Object(App\Controllers\Product))
#3 C:\Users\ADMIN\3-2\Mobile application development\ci_product_api\system\CodeIgniter.php(320): CodeIgniter\CodeIgniter->handleRequest(NULL, Object(Config\Cache), false)
#4 C:\Users\ADMIN\3-2\Mobile application development\ci_product_api\public\index.php(37): CodeIgniter\CodeIgniter->run()
#5 C:\Users\ADMIN\3-2\Mobile application development\ci_product_api\system\Commands\Server\rewrite.php(43): require_once('C:\\Users\\ADMIN\\...')
#6 {main}
CRITICAL - 2022-01-11 21:59:30 --> Undefined property: App\Controllers\Product::$require
#0 C:\Users\ADMIN\3-2\Mobile application development\ci_product_api\app\Controllers\Product.php(35): CodeIgniter\Debug\Exceptions->errorHandler(2, 'Undefined prope...', 'C:\\Users\\ADMIN\\...', 35)
#1 C:\Users\ADMIN\3-2\Mobile application development\ci_product_api\system\CodeIgniter.php(825): App\Controllers\Product->create()
#2 C:\Users\ADMIN\3-2\Mobile application development\ci_product_api\system\CodeIgniter.php(412): CodeIgniter\CodeIgniter->runController(Object(App\Controllers\Product))
#3 C:\Users\ADMIN\3-2\Mobile application development\ci_product_api\system\CodeIgniter.php(320): CodeIgniter\CodeIgniter->handleRequest(NULL, Object(Config\Cache), false)
#4 C:\Users\ADMIN\3-2\Mobile application development\ci_product_api\public\index.php(37): CodeIgniter\CodeIgniter->run()
#5 C:\Users\ADMIN\3-2\Mobile application development\ci_product_api\system\Commands\Server\rewrite.php(43): require_once('C:\\Users\\ADMIN\\...')
#6 {main}
CRITICAL - 2022-01-11 22:00:26 --> Undefined property: App\Controllers\Product::$require
#0 C:\Users\ADMIN\3-2\Mobile application development\ci_product_api\app\Controllers\Product.php(53): CodeIgniter\Debug\Exceptions->errorHandler(2, 'Undefined prope...', 'C:\\Users\\ADMIN\\...', 53)
#1 C:\Users\ADMIN\3-2\Mobile application development\ci_product_api\system\CodeIgniter.php(825): App\Controllers\Product->update('1')
#2 C:\Users\ADMIN\3-2\Mobile application development\ci_product_api\system\CodeIgniter.php(412): CodeIgniter\CodeIgniter->runController(Object(App\Controllers\Product))
#3 C:\Users\ADMIN\3-2\Mobile application development\ci_product_api\system\CodeIgniter.php(320): CodeIgniter\CodeIgniter->handleRequest(NULL, Object(Config\Cache), false)
#4 C:\Users\ADMIN\3-2\Mobile application development\ci_product_api\public\index.php(37): CodeIgniter\CodeIgniter->run()
#5 C:\Users\ADMIN\3-2\Mobile application development\ci_product_api\system\Commands\Server\rewrite.php(43): require_once('C:\\Users\\ADMIN\\...')
#6 {main}
CRITICAL - 2022-01-11 22:01:09 --> Undefined property: App\Controllers\Product::$require
#0 C:\Users\ADMIN\3-2\Mobile application development\ci_product_api\app\Controllers\Product.php(53): CodeIgniter\Debug\Exceptions->errorHandler(2, 'Undefined prope...', 'C:\\Users\\ADMIN\\...', 53)
#1 C:\Users\ADMIN\3-2\Mobile application development\ci_product_api\system\CodeIgniter.php(825): App\Controllers\Product->update('1')
#2 C:\Users\ADMIN\3-2\Mobile application development\ci_product_api\system\CodeIgniter.php(412): CodeIgniter\CodeIgniter->runController(Object(App\Controllers\Product))
#3 C:\Users\ADMIN\3-2\Mobile application development\ci_product_api\system\CodeIgniter.php(320): CodeIgniter\CodeIgniter->handleRequest(NULL, Object(Config\Cache), false)
#4 C:\Users\ADMIN\3-2\Mobile application development\ci_product_api\public\index.php(37): CodeIgniter\CodeIgniter->run()
#5 C:\Users\ADMIN\3-2\Mobile application development\ci_product_api\system\Commands\Server\rewrite.php(43): require_once('C:\\Users\\ADMIN\\...')
#6 {main}
CRITICAL - 2022-01-11 22:02:18 --> Undefined property: App\Controllers\Product::$require
#0 C:\Users\ADMIN\3-2\Mobile application development\ci_product_api\app\Controllers\Product.php(53): CodeIgniter\Debug\Exceptions->errorHandler(2, 'Undefined prope...', 'C:\\Users\\ADMIN\\...', 53)
#1 C:\Users\ADMIN\3-2\Mobile application development\ci_product_api\system\CodeIgniter.php(825): App\Controllers\Product->update('1')
#2 C:\Users\ADMIN\3-2\Mobile application development\ci_product_api\system\CodeIgniter.php(412): CodeIgniter\CodeIgniter->runController(Object(App\Controllers\Product))
#3 C:\Users\ADMIN\3-2\Mobile application development\ci_product_api\system\CodeIgniter.php(320): CodeIgniter\CodeIgniter->handleRequest(NULL, Object(Config\Cache), false)
#4 C:\Users\ADMIN\3-2\Mobile application development\ci_product_api\public\index.php(37): CodeIgniter\CodeIgniter->run()
#5 C:\Users\ADMIN\3-2\Mobile application development\ci_product_api\system\Commands\Server\rewrite.php(43): require_once('C:\\Users\\ADMIN\\...')
#6 {main}
CRITICAL - 2022-01-11 22:03:59 --> Undefined property: App\Controllers\Product::$require
#0 C:\Users\ADMIN\3-2\Mobile application development\ci_product_api\app\Controllers\Product.php(53): CodeIgniter\Debug\Exceptions->errorHandler(2, 'Undefined prope...', 'C:\\Users\\ADMIN\\...', 53)
#1 C:\Users\ADMIN\3-2\Mobile application development\ci_product_api\system\CodeIgniter.php(825): App\Controllers\Product->update('1')
#2 C:\Users\ADMIN\3-2\Mobile application development\ci_product_api\system\CodeIgniter.php(412): CodeIgniter\CodeIgniter->runController(Object(App\Controllers\Product))
#3 C:\Users\ADMIN\3-2\Mobile application development\ci_product_api\system\CodeIgniter.php(320): CodeIgniter\CodeIgniter->handleRequest(NULL, Object(Config\Cache), false)
#4 C:\Users\ADMIN\3-2\Mobile application development\ci_product_api\public\index.php(37): CodeIgniter\CodeIgniter->run()
#5 C:\Users\ADMIN\3-2\Mobile application development\ci_product_api\system\Commands\Server\rewrite.php(43): require_once('C:\\Users\\ADMIN\\...')
#6 {main}
