ERROR - 2022-03-26 09:47:10 --> Error connecting to the database: Access denied for user '****'@'localhost' (using password: NO)
CRITICAL - 2022-03-26 09:47:10 --> Unable to connect to the database.
Main connection [MySQLi]: Access denied for user '****'@'localhost' (using password: NO)
#0 C:\Users\ADMIN\3-2\Mobile application development\ci_product_api\system\Database\BaseConnection.php(577): CodeIgniter\Database\BaseConnection->initialize()
#1 C:\Users\ADMIN\3-2\Mobile application development\ci_product_api\system\Database\BaseBuilder.php(1455): CodeIgniter\Database\BaseConnection->query('SELECT *\nFROM `...', Array, false)
#2 C:\Users\ADMIN\3-2\Mobile application development\ci_product_api\system\Model.php(183): CodeIgniter\Database\BaseBuilder->get()
#3 C:\Users\ADMIN\3-2\Mobile application development\ci_product_api\system\BaseModel.php(584): CodeIgniter\Model->doFindAll(0, 0)
#4 C:\Users\ADMIN\3-2\Mobile application development\ci_product_api\app\Controllers\Product.php(18): CodeIgniter\BaseModel->findAll()
#5 C:\Users\ADMIN\3-2\Mobile application development\ci_product_api\system\CodeIgniter.php(825): App\Controllers\Product->index()
#6 C:\Users\ADMIN\3-2\Mobile application development\ci_product_api\system\CodeIgniter.php(412): CodeIgniter\CodeIgniter->runController(Object(App\Controllers\Product))
#7 C:\Users\ADMIN\3-2\Mobile application development\ci_product_api\system\CodeIgniter.php(320): CodeIgniter\CodeIgniter->handleRequest(NULL, Object(Config\Cache), false)
#8 C:\Users\ADMIN\3-2\Mobile application development\ci_product_api\public\index.php(37): CodeIgniter\CodeIgniter->run()
#9 C:\Users\ADMIN\3-2\Mobile application development\ci_product_api\system\Commands\Server\rewrite.php(43): require_once('C:\\Users\\ADMIN\\...')
#10 {main}
CRITICAL - 2022-03-26 10:02:33 --> Undefined property: App\Controllers\Product::$require
#0 C:\Users\ADMIN\3-2\Mobile application development\ci_product_api\app\Controllers\Product.php(37): CodeIgniter\Debug\Exceptions->errorHandler(2, 'Undefined prope...', 'C:\\Users\\ADMIN\\...', 37)
#1 C:\Users\ADMIN\3-2\Mobile application development\ci_product_api\system\CodeIgniter.php(825): App\Controllers\Product->create()
#2 C:\Users\ADMIN\3-2\Mobile application development\ci_product_api\system\CodeIgniter.php(412): CodeIgniter\CodeIgniter->runController(Object(App\Controllers\Product))
#3 C:\Users\ADMIN\3-2\Mobile application development\ci_product_api\system\CodeIgniter.php(320): CodeIgniter\CodeIgniter->handleRequest(NULL, Object(Config\Cache), false)
#4 C:\Users\ADMIN\3-2\Mobile application development\ci_product_api\public\index.php(37): CodeIgniter\CodeIgniter->run()
#5 C:\Users\ADMIN\3-2\Mobile application development\ci_product_api\system\Commands\Server\rewrite.php(43): require_once('C:\\Users\\ADMIN\\...')
#6 {main}
CRITICAL - 2022-03-26 10:03:45 --> Undefined property: App\Controllers\Product::$require
#0 C:\Users\ADMIN\3-2\Mobile application development\ci_product_api\app\Controllers\Product.php(37): CodeIgniter\Debug\Exceptions->errorHandler(2, 'Undefined prope...', 'C:\\Users\\ADMIN\\...', 37)
#1 C:\Users\ADMIN\3-2\Mobile application development\ci_product_api\system\CodeIgniter.php(825): App\Controllers\Product->create()
#2 C:\Users\ADMIN\3-2\Mobile application development\ci_product_api\system\CodeIgniter.php(412): CodeIgniter\CodeIgniter->runController(Object(App\Controllers\Product))
#3 C:\Users\ADMIN\3-2\Mobile application development\ci_product_api\system\CodeIgniter.php(320): CodeIgniter\CodeIgniter->handleRequest(NULL, Object(Config\Cache), false)
#4 C:\Users\ADMIN\3-2\Mobile application development\ci_product_api\public\index.php(37): CodeIgniter\CodeIgniter->run()
#5 C:\Users\ADMIN\3-2\Mobile application development\ci_product_api\system\Commands\Server\rewrite.php(43): require_once('C:\\Users\\ADMIN\\...')
#6 {main}
CRITICAL - 2022-03-26 10:04:47 --> Undefined property: App\Controllers\Product::$require
#0 C:\Users\ADMIN\3-2\Mobile application development\ci_product_api\app\Controllers\Product.php(37): CodeIgniter\Debug\Exceptions->errorHandler(2, 'Undefined prope...', 'C:\\Users\\ADMIN\\...', 37)
#1 C:\Users\ADMIN\3-2\Mobile application development\ci_product_api\system\CodeIgniter.php(825): App\Controllers\Product->create()
#2 C:\Users\ADMIN\3-2\Mobile application development\ci_product_api\system\CodeIgniter.php(412): CodeIgniter\CodeIgniter->runController(Object(App\Controllers\Product))
#3 C:\Users\ADMIN\3-2\Mobile application development\ci_product_api\system\CodeIgniter.php(320): CodeIgniter\CodeIgniter->handleRequest(NULL, Object(Config\Cache), false)
#4 C:\Users\ADMIN\3-2\Mobile application development\ci_product_api\public\index.php(37): CodeIgniter\CodeIgniter->run()
#5 C:\Users\ADMIN\3-2\Mobile application development\ci_product_api\system\Commands\Server\rewrite.php(43): require_once('C:\\Users\\ADMIN\\...')
#6 {main}
CRITICAL - 2022-03-26 10:08:43 --> Undefined property: App\Controllers\Product::$require
#0 C:\Users\ADMIN\3-2\Mobile application development\ci_product_api\app\Controllers\Product.php(56): CodeIgniter\Debug\Exceptions->errorHandler(2, 'Undefined prope...', 'C:\\Users\\ADMIN\\...', 56)
#1 C:\Users\ADMIN\3-2\Mobile application development\ci_product_api\system\CodeIgniter.php(825): App\Controllers\Product->update('1')
#2 C:\Users\ADMIN\3-2\Mobile application development\ci_product_api\system\CodeIgniter.php(412): CodeIgniter\CodeIgniter->runController(Object(App\Controllers\Product))
#3 C:\Users\ADMIN\3-2\Mobile application development\ci_product_api\system\CodeIgniter.php(320): CodeIgniter\CodeIgniter->handleRequest(NULL, Object(Config\Cache), false)
#4 C:\Users\ADMIN\3-2\Mobile application development\ci_product_api\public\index.php(37): CodeIgniter\CodeIgniter->run()
#5 C:\Users\ADMIN\3-2\Mobile application development\ci_product_api\system\Commands\Server\rewrite.php(43): require_once('C:\\Users\\ADMIN\\...')
#6 {main}
CRITICAL - 2022-03-26 23:15:31 --> Undefined property: App\Controllers\Product::$require
#0 C:\Users\ADMIN\3-2\Mobile application development\ci_product_api\app\Controllers\Product.php(38): CodeIgniter\Debug\Exceptions->errorHandler(2, 'Undefined prope...', 'C:\\Users\\ADMIN\\...', 38)
#1 C:\Users\ADMIN\3-2\Mobile application development\ci_product_api\system\CodeIgniter.php(825): App\Controllers\Product->create()
#2 C:\Users\ADMIN\3-2\Mobile application development\ci_product_api\system\CodeIgniter.php(412): CodeIgniter\CodeIgniter->runController(Object(App\Controllers\Product))
#3 C:\Users\ADMIN\3-2\Mobile application development\ci_product_api\system\CodeIgniter.php(320): CodeIgniter\CodeIgniter->handleRequest(NULL, Object(Config\Cache), false)
#4 C:\Users\ADMIN\3-2\Mobile application development\ci_product_api\public\index.php(37): CodeIgniter\CodeIgniter->run()
#5 C:\Users\ADMIN\3-2\Mobile application development\ci_product_api\system\Commands\Server\rewrite.php(43): require_once('C:\\Users\\ADMIN\\...')
#6 {main}
CRITICAL - 2022-03-26 23:15:42 --> Undefined property: App\Controllers\Product::$require
#0 C:\Users\ADMIN\3-2\Mobile application development\ci_product_api\app\Controllers\Product.php(38): CodeIgniter\Debug\Exceptions->errorHandler(2, 'Undefined prope...', 'C:\\Users\\ADMIN\\...', 38)
#1 C:\Users\ADMIN\3-2\Mobile application development\ci_product_api\system\CodeIgniter.php(825): App\Controllers\Product->create()
#2 C:\Users\ADMIN\3-2\Mobile application development\ci_product_api\system\CodeIgniter.php(412): CodeIgniter\CodeIgniter->runController(Object(App\Controllers\Product))
#3 C:\Users\ADMIN\3-2\Mobile application development\ci_product_api\system\CodeIgniter.php(320): CodeIgniter\CodeIgniter->handleRequest(NULL, Object(Config\Cache), false)
#4 C:\Users\ADMIN\3-2\Mobile application development\ci_product_api\public\index.php(37): CodeIgniter\CodeIgniter->run()
#5 C:\Users\ADMIN\3-2\Mobile application development\ci_product_api\system\Commands\Server\rewrite.php(43): require_once('C:\\Users\\ADMIN\\...')
#6 {main}
CRITICAL - 2022-03-26 23:15:46 --> Undefined property: App\Controllers\Product::$require
#0 C:\Users\ADMIN\3-2\Mobile application development\ci_product_api\app\Controllers\Product.php(38): CodeIgniter\Debug\Exceptions->errorHandler(2, 'Undefined prope...', 'C:\\Users\\ADMIN\\...', 38)
#1 C:\Users\ADMIN\3-2\Mobile application development\ci_product_api\system\CodeIgniter.php(825): App\Controllers\Product->create()
#2 C:\Users\ADMIN\3-2\Mobile application development\ci_product_api\system\CodeIgniter.php(412): CodeIgniter\CodeIgniter->runController(Object(App\Controllers\Product))
#3 C:\Users\ADMIN\3-2\Mobile application development\ci_product_api\system\CodeIgniter.php(320): CodeIgniter\CodeIgniter->handleRequest(NULL, Object(Config\Cache), false)
#4 C:\Users\ADMIN\3-2\Mobile application development\ci_product_api\public\index.php(37): CodeIgniter\CodeIgniter->run()
#5 C:\Users\ADMIN\3-2\Mobile application development\ci_product_api\system\Commands\Server\rewrite.php(43): require_once('C:\\Users\\ADMIN\\...')
#6 {main}
CRITICAL - 2022-03-26 23:15:54 --> Undefined property: App\Controllers\Product::$require
#0 C:\Users\ADMIN\3-2\Mobile application development\ci_product_api\app\Controllers\Product.php(38): CodeIgniter\Debug\Exceptions->errorHandler(2, 'Undefined prope...', 'C:\\Users\\ADMIN\\...', 38)
#1 C:\Users\ADMIN\3-2\Mobile application development\ci_product_api\system\CodeIgniter.php(825): App\Controllers\Product->create()
#2 C:\Users\ADMIN\3-2\Mobile application development\ci_product_api\system\CodeIgniter.php(412): CodeIgniter\CodeIgniter->runController(Object(App\Controllers\Product))
#3 C:\Users\ADMIN\3-2\Mobile application development\ci_product_api\system\CodeIgniter.php(320): CodeIgniter\CodeIgniter->handleRequest(NULL, Object(Config\Cache), false)
#4 C:\Users\ADMIN\3-2\Mobile application development\ci_product_api\public\index.php(37): CodeIgniter\CodeIgniter->run()
#5 C:\Users\ADMIN\3-2\Mobile application development\ci_product_api\system\Commands\Server\rewrite.php(43): require_once('C:\\Users\\ADMIN\\...')
#6 {main}
CRITICAL - 2022-03-26 23:15:59 --> Undefined property: App\Controllers\Product::$require
#0 C:\Users\ADMIN\3-2\Mobile application development\ci_product_api\app\Controllers\Product.php(38): CodeIgniter\Debug\Exceptions->errorHandler(2, 'Undefined prope...', 'C:\\Users\\ADMIN\\...', 38)
#1 C:\Users\ADMIN\3-2\Mobile application development\ci_product_api\system\CodeIgniter.php(825): App\Controllers\Product->create()
#2 C:\Users\ADMIN\3-2\Mobile application development\ci_product_api\system\CodeIgniter.php(412): CodeIgniter\CodeIgniter->runController(Object(App\Controllers\Product))
#3 C:\Users\ADMIN\3-2\Mobile application development\ci_product_api\system\CodeIgniter.php(320): CodeIgniter\CodeIgniter->handleRequest(NULL, Object(Config\Cache), false)
#4 C:\Users\ADMIN\3-2\Mobile application development\ci_product_api\public\index.php(37): CodeIgniter\CodeIgniter->run()
#5 C:\Users\ADMIN\3-2\Mobile application development\ci_product_api\system\Commands\Server\rewrite.php(43): require_once('C:\\Users\\ADMIN\\...')
#6 {main}
CRITICAL - 2022-03-26 23:16:12 --> Undefined property: App\Controllers\Product::$require
#0 C:\Users\ADMIN\3-2\Mobile application development\ci_product_api\app\Controllers\Product.php(38): CodeIgniter\Debug\Exceptions->errorHandler(2, 'Undefined prope...', 'C:\\Users\\ADMIN\\...', 38)
#1 C:\Users\ADMIN\3-2\Mobile application development\ci_product_api\system\CodeIgniter.php(825): App\Controllers\Product->create()
#2 C:\Users\ADMIN\3-2\Mobile application development\ci_product_api\system\CodeIgniter.php(412): CodeIgniter\CodeIgniter->runController(Object(App\Controllers\Product))
#3 C:\Users\ADMIN\3-2\Mobile application development\ci_product_api\system\CodeIgniter.php(320): CodeIgniter\CodeIgniter->handleRequest(NULL, Object(Config\Cache), false)
#4 C:\Users\ADMIN\3-2\Mobile application development\ci_product_api\public\index.php(37): CodeIgniter\CodeIgniter->run()
#5 C:\Users\ADMIN\3-2\Mobile application development\ci_product_api\system\Commands\Server\rewrite.php(43): require_once('C:\\Users\\ADMIN\\...')
#6 {main}
CRITICAL - 2022-03-26 23:16:13 --> Undefined property: App\Controllers\Product::$require
#0 C:\Users\ADMIN\3-2\Mobile application development\ci_product_api\app\Controllers\Product.php(38): CodeIgniter\Debug\Exceptions->errorHandler(2, 'Undefined prope...', 'C:\\Users\\ADMIN\\...', 38)
#1 C:\Users\ADMIN\3-2\Mobile application development\ci_product_api\system\CodeIgniter.php(825): App\Controllers\Product->create()
#2 C:\Users\ADMIN\3-2\Mobile application development\ci_product_api\system\CodeIgniter.php(412): CodeIgniter\CodeIgniter->runController(Object(App\Controllers\Product))
#3 C:\Users\ADMIN\3-2\Mobile application development\ci_product_api\system\CodeIgniter.php(320): CodeIgniter\CodeIgniter->handleRequest(NULL, Object(Config\Cache), false)
#4 C:\Users\ADMIN\3-2\Mobile application development\ci_product_api\public\index.php(37): CodeIgniter\CodeIgniter->run()
#5 C:\Users\ADMIN\3-2\Mobile application development\ci_product_api\system\Commands\Server\rewrite.php(43): require_once('C:\\Users\\ADMIN\\...')
#6 {main}
CRITICAL - 2022-03-26 23:39:02 --> App\Controllers\Product cannot use App\Models\ProductModel - it is not a trait
#0 [internal function]: CodeIgniter\Debug\Exceptions->shutdownHandler()
#1 {main}
CRITICAL - 2022-03-26 23:39:19 --> Undefined property: App\Controllers\Product::$require
#0 C:\Users\ADMIN\3-2\Mobile application development\ci_product_api\app\Controllers\Product.php(33): CodeIgniter\Debug\Exceptions->errorHandler(2, 'Undefined prope...', 'C:\\Users\\ADMIN\\...', 33)
#1 C:\Users\ADMIN\3-2\Mobile application development\ci_product_api\system\CodeIgniter.php(825): App\Controllers\Product->create()
#2 C:\Users\ADMIN\3-2\Mobile application development\ci_product_api\system\CodeIgniter.php(412): CodeIgniter\CodeIgniter->runController(Object(App\Controllers\Product))
#3 C:\Users\ADMIN\3-2\Mobile application development\ci_product_api\system\CodeIgniter.php(320): CodeIgniter\CodeIgniter->handleRequest(NULL, Object(Config\Cache), false)
#4 C:\Users\ADMIN\3-2\Mobile application development\ci_product_api\public\index.php(37): CodeIgniter\CodeIgniter->run()
#5 C:\Users\ADMIN\3-2\Mobile application development\ci_product_api\system\Commands\Server\rewrite.php(43): require_once('C:\\Users\\ADMIN\\...')
#6 {main}
CRITICAL - 2022-03-26 23:48:20 --> Undefined property: App\Controllers\Product::$require
#0 C:\Users\ADMIN\3-2\Mobile application development\ci_product_api\app\Controllers\Product.php(33): CodeIgniter\Debug\Exceptions->errorHandler(2, 'Undefined prope...', 'C:\\Users\\ADMIN\\...', 33)
#1 C:\Users\ADMIN\3-2\Mobile application development\ci_product_api\system\CodeIgniter.php(825): App\Controllers\Product->create()
#2 C:\Users\ADMIN\3-2\Mobile application development\ci_product_api\system\CodeIgniter.php(412): CodeIgniter\CodeIgniter->runController(Object(App\Controllers\Product))
#3 C:\Users\ADMIN\3-2\Mobile application development\ci_product_api\system\CodeIgniter.php(320): CodeIgniter\CodeIgniter->handleRequest(NULL, Object(Config\Cache), false)
#4 C:\Users\ADMIN\3-2\Mobile application development\ci_product_api\public\index.php(37): CodeIgniter\CodeIgniter->run()
#5 C:\Users\ADMIN\3-2\Mobile application development\ci_product_api\system\Commands\Server\rewrite.php(43): require_once('C:\\Users\\ADMIN\\...')
#6 {main}
CRITICAL - 2022-03-26 23:48:22 --> Undefined property: App\Controllers\Product::$require
#0 C:\Users\ADMIN\3-2\Mobile application development\ci_product_api\app\Controllers\Product.php(33): CodeIgniter\Debug\Exceptions->errorHandler(2, 'Undefined prope...', 'C:\\Users\\ADMIN\\...', 33)
#1 C:\Users\ADMIN\3-2\Mobile application development\ci_product_api\system\CodeIgniter.php(825): App\Controllers\Product->create()
#2 C:\Users\ADMIN\3-2\Mobile application development\ci_product_api\system\CodeIgniter.php(412): CodeIgniter\CodeIgniter->runController(Object(App\Controllers\Product))
#3 C:\Users\ADMIN\3-2\Mobile application development\ci_product_api\system\CodeIgniter.php(320): CodeIgniter\CodeIgniter->handleRequest(NULL, Object(Config\Cache), false)
#4 C:\Users\ADMIN\3-2\Mobile application development\ci_product_api\public\index.php(37): CodeIgniter\CodeIgniter->run()
#5 C:\Users\ADMIN\3-2\Mobile application development\ci_product_api\system\Commands\Server\rewrite.php(43): require_once('C:\\Users\\ADMIN\\...')
#6 {main}
CRITICAL - 2022-03-26 23:48:29 --> Undefined property: App\Controllers\Product::$require
#0 C:\Users\ADMIN\3-2\Mobile application development\ci_product_api\app\Controllers\Product.php(33): CodeIgniter\Debug\Exceptions->errorHandler(2, 'Undefined prope...', 'C:\\Users\\ADMIN\\...', 33)
#1 C:\Users\ADMIN\3-2\Mobile application development\ci_product_api\system\CodeIgniter.php(825): App\Controllers\Product->create()
#2 C:\Users\ADMIN\3-2\Mobile application development\ci_product_api\system\CodeIgniter.php(412): CodeIgniter\CodeIgniter->runController(Object(App\Controllers\Product))
#3 C:\Users\ADMIN\3-2\Mobile application development\ci_product_api\system\CodeIgniter.php(320): CodeIgniter\CodeIgniter->handleRequest(NULL, Object(Config\Cache), false)
#4 C:\Users\ADMIN\3-2\Mobile application development\ci_product_api\public\index.php(37): CodeIgniter\CodeIgniter->run()
#5 C:\Users\ADMIN\3-2\Mobile application development\ci_product_api\system\Commands\Server\rewrite.php(43): require_once('C:\\Users\\ADMIN\\...')
#6 {main}
CRITICAL - 2022-03-26 23:48:30 --> Undefined property: App\Controllers\Product::$require
#0 C:\Users\ADMIN\3-2\Mobile application development\ci_product_api\app\Controllers\Product.php(33): CodeIgniter\Debug\Exceptions->errorHandler(2, 'Undefined prope...', 'C:\\Users\\ADMIN\\...', 33)
#1 C:\Users\ADMIN\3-2\Mobile application development\ci_product_api\system\CodeIgniter.php(825): App\Controllers\Product->create()
#2 C:\Users\ADMIN\3-2\Mobile application development\ci_product_api\system\CodeIgniter.php(412): CodeIgniter\CodeIgniter->runController(Object(App\Controllers\Product))
#3 C:\Users\ADMIN\3-2\Mobile application development\ci_product_api\system\CodeIgniter.php(320): CodeIgniter\CodeIgniter->handleRequest(NULL, Object(Config\Cache), false)
#4 C:\Users\ADMIN\3-2\Mobile application development\ci_product_api\public\index.php(37): CodeIgniter\CodeIgniter->run()
#5 C:\Users\ADMIN\3-2\Mobile application development\ci_product_api\system\Commands\Server\rewrite.php(43): require_once('C:\\Users\\ADMIN\\...')
#6 {main}
CRITICAL - 2022-03-26 23:55:06 --> Undefined property: App\Controllers\Product::$require
#0 C:\Users\ADMIN\3-2\Mobile application development\ci_product_api\app\Controllers\Product.php(34): CodeIgniter\Debug\Exceptions->errorHandler(2, 'Undefined prope...', 'C:\\Users\\ADMIN\\...', 34)
#1 C:\Users\ADMIN\3-2\Mobile application development\ci_product_api\system\CodeIgniter.php(825): App\Controllers\Product->create()
#2 C:\Users\ADMIN\3-2\Mobile application development\ci_product_api\system\CodeIgniter.php(412): CodeIgniter\CodeIgniter->runController(Object(App\Controllers\Product))
#3 C:\Users\ADMIN\3-2\Mobile application development\ci_product_api\system\CodeIgniter.php(320): CodeIgniter\CodeIgniter->handleRequest(NULL, Object(Config\Cache), false)
#4 C:\Users\ADMIN\3-2\Mobile application development\ci_product_api\public\index.php(37): CodeIgniter\CodeIgniter->run()
#5 C:\Users\ADMIN\3-2\Mobile application development\ci_product_api\system\Commands\Server\rewrite.php(43): require_once('C:\\Users\\ADMIN\\...')
#6 {main}
CRITICAL - 2022-03-26 23:55:08 --> Undefined property: App\Controllers\Product::$require
#0 C:\Users\ADMIN\3-2\Mobile application development\ci_product_api\app\Controllers\Product.php(34): CodeIgniter\Debug\Exceptions->errorHandler(2, 'Undefined prope...', 'C:\\Users\\ADMIN\\...', 34)
#1 C:\Users\ADMIN\3-2\Mobile application development\ci_product_api\system\CodeIgniter.php(825): App\Controllers\Product->create()
#2 C:\Users\ADMIN\3-2\Mobile application development\ci_product_api\system\CodeIgniter.php(412): CodeIgniter\CodeIgniter->runController(Object(App\Controllers\Product))
#3 C:\Users\ADMIN\3-2\Mobile application development\ci_product_api\system\CodeIgniter.php(320): CodeIgniter\CodeIgniter->handleRequest(NULL, Object(Config\Cache), false)
#4 C:\Users\ADMIN\3-2\Mobile application development\ci_product_api\public\index.php(37): CodeIgniter\CodeIgniter->run()
#5 C:\Users\ADMIN\3-2\Mobile application development\ci_product_api\system\Commands\Server\rewrite.php(43): require_once('C:\\Users\\ADMIN\\...')
#6 {main}
CRITICAL - 2022-03-26 23:55:09 --> Undefined property: App\Controllers\Product::$require
#0 C:\Users\ADMIN\3-2\Mobile application development\ci_product_api\app\Controllers\Product.php(34): CodeIgniter\Debug\Exceptions->errorHandler(2, 'Undefined prope...', 'C:\\Users\\ADMIN\\...', 34)
#1 C:\Users\ADMIN\3-2\Mobile application development\ci_product_api\system\CodeIgniter.php(825): App\Controllers\Product->create()
#2 C:\Users\ADMIN\3-2\Mobile application development\ci_product_api\system\CodeIgniter.php(412): CodeIgniter\CodeIgniter->runController(Object(App\Controllers\Product))
#3 C:\Users\ADMIN\3-2\Mobile application development\ci_product_api\system\CodeIgniter.php(320): CodeIgniter\CodeIgniter->handleRequest(NULL, Object(Config\Cache), false)
#4 C:\Users\ADMIN\3-2\Mobile application development\ci_product_api\public\index.php(37): CodeIgniter\CodeIgniter->run()
#5 C:\Users\ADMIN\3-2\Mobile application development\ci_product_api\system\Commands\Server\rewrite.php(43): require_once('C:\\Users\\ADMIN\\...')
#6 {main}
CRITICAL - 2022-03-26 23:56:03 --> Undefined property: App\Controllers\Product::$require
#0 C:\Users\ADMIN\3-2\Mobile application development\ci_product_api\app\Controllers\Product.php(34): CodeIgniter\Debug\Exceptions->errorHandler(2, 'Undefined prope...', 'C:\\Users\\ADMIN\\...', 34)
#1 C:\Users\ADMIN\3-2\Mobile application development\ci_product_api\system\CodeIgniter.php(825): App\Controllers\Product->create()
#2 C:\Users\ADMIN\3-2\Mobile application development\ci_product_api\system\CodeIgniter.php(412): CodeIgniter\CodeIgniter->runController(Object(App\Controllers\Product))
#3 C:\Users\ADMIN\3-2\Mobile application development\ci_product_api\system\CodeIgniter.php(320): CodeIgniter\CodeIgniter->handleRequest(NULL, Object(Config\Cache), false)
#4 C:\Users\ADMIN\3-2\Mobile application development\ci_product_api\public\index.php(37): CodeIgniter\CodeIgniter->run()
#5 C:\Users\ADMIN\3-2\Mobile application development\ci_product_api\system\Commands\Server\rewrite.php(43): require_once('C:\\Users\\ADMIN\\...')
#6 {main}
CRITICAL - 2022-03-26 23:56:04 --> Undefined property: App\Controllers\Product::$require
#0 C:\Users\ADMIN\3-2\Mobile application development\ci_product_api\app\Controllers\Product.php(34): CodeIgniter\Debug\Exceptions->errorHandler(2, 'Undefined prope...', 'C:\\Users\\ADMIN\\...', 34)
#1 C:\Users\ADMIN\3-2\Mobile application development\ci_product_api\system\CodeIgniter.php(825): App\Controllers\Product->create()
#2 C:\Users\ADMIN\3-2\Mobile application development\ci_product_api\system\CodeIgniter.php(412): CodeIgniter\CodeIgniter->runController(Object(App\Controllers\Product))
#3 C:\Users\ADMIN\3-2\Mobile application development\ci_product_api\system\CodeIgniter.php(320): CodeIgniter\CodeIgniter->handleRequest(NULL, Object(Config\Cache), false)
#4 C:\Users\ADMIN\3-2\Mobile application development\ci_product_api\public\index.php(37): CodeIgniter\CodeIgniter->run()
#5 C:\Users\ADMIN\3-2\Mobile application development\ci_product_api\system\Commands\Server\rewrite.php(43): require_once('C:\\Users\\ADMIN\\...')
#6 {main}
CRITICAL - 2022-03-26 23:57:52 --> Undefined property: App\Controllers\Product::$require
#0 C:\Users\ADMIN\3-2\Mobile application development\ci_product_api\app\Controllers\Product.php(34): CodeIgniter\Debug\Exceptions->errorHandler(2, 'Undefined prope...', 'C:\\Users\\ADMIN\\...', 34)
#1 C:\Users\ADMIN\3-2\Mobile application development\ci_product_api\system\CodeIgniter.php(825): App\Controllers\Product->create()
#2 C:\Users\ADMIN\3-2\Mobile application development\ci_product_api\system\CodeIgniter.php(412): CodeIgniter\CodeIgniter->runController(Object(App\Controllers\Product))
#3 C:\Users\ADMIN\3-2\Mobile application development\ci_product_api\system\CodeIgniter.php(320): CodeIgniter\CodeIgniter->handleRequest(NULL, Object(Config\Cache), false)
#4 C:\Users\ADMIN\3-2\Mobile application development\ci_product_api\public\index.php(37): CodeIgniter\CodeIgniter->run()
#5 C:\Users\ADMIN\3-2\Mobile application development\ci_product_api\system\Commands\Server\rewrite.php(43): require_once('C:\\Users\\ADMIN\\...')
#6 {main}
CRITICAL - 2022-03-26 23:57:53 --> Undefined property: App\Controllers\Product::$require
#0 C:\Users\ADMIN\3-2\Mobile application development\ci_product_api\app\Controllers\Product.php(34): CodeIgniter\Debug\Exceptions->errorHandler(2, 'Undefined prope...', 'C:\\Users\\ADMIN\\...', 34)
#1 C:\Users\ADMIN\3-2\Mobile application development\ci_product_api\system\CodeIgniter.php(825): App\Controllers\Product->create()
#2 C:\Users\ADMIN\3-2\Mobile application development\ci_product_api\system\CodeIgniter.php(412): CodeIgniter\CodeIgniter->runController(Object(App\Controllers\Product))
#3 C:\Users\ADMIN\3-2\Mobile application development\ci_product_api\system\CodeIgniter.php(320): CodeIgniter\CodeIgniter->handleRequest(NULL, Object(Config\Cache), false)
#4 C:\Users\ADMIN\3-2\Mobile application development\ci_product_api\public\index.php(37): CodeIgniter\CodeIgniter->run()
#5 C:\Users\ADMIN\3-2\Mobile application development\ci_product_api\system\Commands\Server\rewrite.php(43): require_once('C:\\Users\\ADMIN\\...')
#6 {main}
